{
  "RSpec": {
    "coverage": {
      "/home/milkk/RubymineProjects/final2015/config/environment.rb": [
        null,
        1,
        null,
        null,
        1
      ],
      "/home/milkk/RubymineProjects/final2015/config/environments/test.rb": [
        1,
        null,
        null,
        null,
        null,
        null,
        null,
        1,
        null,
        null,
        null,
        null,
        1,
        null,
        null,
        1,
        1,
        null,
        null,
        null,
        null,
        1,
        1,
        null,
        null,
        1,
        null,
        null,
        1,
        1,
        null,
        null,
        null,
        null,
        1,
        null,
        null,
        1,
        null,
        null,
        null,
        null
      ],
      "/home/milkk/RubymineProjects/final2015/config/initializers/application_controller_renderer.rb": [
        null,
        null,
        null,
        null,
        null,
        null
      ],
      "/home/milkk/RubymineProjects/final2015/config/initializers/assets.rb": [
        null,
        null,
        null,
        1,
        null,
        null,
        null,
        null,
        null,
        null,
        null
      ],
      "/home/milkk/RubymineProjects/final2015/config/initializers/backtrace_silencers.rb": [
        null,
        null,
        null,
        null,
        null,
        null,
        null
      ],
      "/home/milkk/RubymineProjects/final2015/config/initializers/cookies_serializer.rb": [
        null,
        null,
        null,
        null,
        1
      ],
      "/home/milkk/RubymineProjects/final2015/config/initializers/devise.rb": [
        null,
        null,
        1,
        null,
        null,
        null,
        null,
        null,
        null,
        null,
        null,
        null,
        null,
        null,
        1,
        null,
        null,
        null,
        null,
        null,
        null,
        null,
        null,
        null,
        null,
        null,
        1,
        null,
        null,
        null,
        null,
        null,
        null,
        null,
        null,
        null,
        null,
        null,
        null,
        null,
        null,
        null,
        null,
        null,
        null,
        null,
        null,
        null,
        1,
        null,
        null,
        null,
        null,
        1,
        null,
        null,
        null,
        null,
        null,
        null,
        null,
        null,
        null,
        null,
        null,
        null,
        null,
        null,
        null,
        null,
        null,
        null,
        null,
        null,
        null,
        null,
        null,
        null,
        null,
        null,
        null,
        null,
        null,
        null,
        1,
        null,
        null,
        null,
        null,
        null,
        null,
        null,
        null,
        null,
        null,
        null,
        null,
        null,
        null,
        null,
        null,
        null,
        null,
        null,
        null,
        null,
        null,
        1,
        null,
        null,
        null,
        null,
        null,
        null,
        null,
        null,
        null,
        null,
        null,
        null,
        null,
        null,
        null,
        null,
        null,
        null,
        null,
        null,
        null,
        null,
        null,
        null,
        null,
        null,
        null,
        1,
        null,
        null,
        null,
        null,
        null,
        null,
        null,
        null,
        null,
        1,
        null,
        null,
        null,
        null,
        null,
        null,
        null,
        null,
        null,
        null,
        1,
        null,
        null,
        null,
        null,
        1,
        null,
        null,
        null,
        null,
        null,
        null,
        null,
        null,
        null,
        null,
        null,
        null,
        null,
        null,
        null,
        null,
        null,
        null,
        null,
        null,
        null,
        null,
        null,
        null,
        null,
        null,
        null,
        null,
        null,
        null,
        null,
        null,
        null,
        null,
        null,
        null,
        null,
        null,
        null,
        null,
        1,
        null,
        null,
        null,
        null,
        null,
        null,
        null,
        null,
        null,
        null,
        null,
        null,
        null,
        null,
        null,
        null,
        null,
        null,
        null,
        null,
        null,
        null,
        null,
        null,
        null,
        null,
        null,
        null,
        null,
        null,
        null,
        null,
        null,
        null,
        null,
        null,
        null,
        null,
        null,
        null,
        null,
        1,
        null,
        null,
        null,
        null,
        null,
        null,
        null,
        null,
        null,
        null,
        null,
        null,
        null,
        null,
        null,
        null,
        null,
        null,
        null,
        null,
        null,
        null,
        null,
        null,
        null,
        null,
        null,
        null,
        null
      ],
      "/home/milkk/RubymineProjects/final2015/config/initializers/filter_parameter_logging.rb": [
        null,
        null,
        null,
        1
      ],
      "/home/milkk/RubymineProjects/final2015/config/initializers/inflections.rb": [
        null,
        null,
        null,
        null,
        null,
        null,
        null,
        null,
        null,
        null,
        null,
        null,
        null,
        null,
        null,
        null
      ],
      "/home/milkk/RubymineProjects/final2015/config/initializers/mime_types.rb": [
        null,
        null,
        null,
        null
      ],
      "/home/milkk/RubymineProjects/final2015/config/initializers/new_framework_defaults.rb": [
        null,
        null,
        null,
        null,
        null,
        null,
        null,
        1,
        null,
        null,
        1,
        null,
        null,
        null,
        1,
        null,
        null,
        1,
        null,
        null,
        1,
        null,
        null,
        1
      ],
      "/home/milkk/RubymineProjects/final2015/config/initializers/session_store.rb": [
        null,
        null,
        1
      ],
      "/home/milkk/RubymineProjects/final2015/config/initializers/wrap_parameters.rb": [
        null,
        null,
        null,
        null,
        null,
        null,
        1,
        2,
        null,
        null,
        null,
        null,
        null,
        null
      ],
      "/home/milkk/RubymineProjects/final2015/config/routes.rb": [
        1,
        1,
        1,
        1,
        1,
        null,
        null
      ],
      "/home/milkk/RubymineProjects/final2015/app/models/user.rb": [
        1,
        null,
        null,
        1,
        null,
        1,
        1,
        null,
        null,
        1,
        1,
        6,
        null,
        1,
        6,
        null,
        1,
        6,
        null,
        1,
        6,
        null,
        null
      ],
      "/home/milkk/RubymineProjects/final2015/app/models/application_record.rb": [
        1,
        1,
        null
      ],
      "/home/milkk/RubymineProjects/final2015/test/controllers/requests_controller_test.rb": [
        1,
        null,
        1,
        1,
        1,
        6,
        6,
        6,
        null,
        null,
        1,
        1,
        1,
        null,
        null,
        1,
        1,
        1,
        null,
        null,
        1,
        1,
        1,
        null,
        null,
        1,
        null,
        null,
        1,
        1,
        1,
        null,
        null,
        1,
        1,
        1,
        null,
        null,
        1,
        1,
        1,
        null,
        null,
        null,
        null,
        null,
        null,
        null,
        null,
        null,
        null,
        null,
        null,
        null,
        null,
        null
      ],
      "/home/milkk/RubymineProjects/final2015/test/models/request_test.rb": [
        1,
        null,
        1,
        null,
        null,
        null,
        null
      ],
      "/home/milkk/RubymineProjects/final2015/test/models/role_test.rb": [
        1,
        null,
        1,
        null,
        null,
        null,
        null
      ],
      "/home/milkk/RubymineProjects/final2015/test/models/user_test.rb": [
        1,
        null,
        1,
        null,
        null,
        null,
        null
      ],
      "/home/milkk/RubymineProjects/final2015/app/models/request.rb": [
        1,
        1,
        null
      ],
      "/home/milkk/RubymineProjects/final2015/app/models/role.rb": [
        1,
        1,
        null
      ],
      "/home/milkk/RubymineProjects/final2015/app/controllers/home_controller.rb": [
        1,
        1,
        null,
        null
      ],
      "/home/milkk/RubymineProjects/final2015/app/controllers/application_controller.rb": [
        1,
        1,
        1,
        2,
        2,
        null,
        null
      ],
      "/home/milkk/RubymineProjects/final2015/app/helpers/application_helper.rb": [
        1,
        null
      ],
      "/home/milkk/RubymineProjects/final2015/app/helpers/home_helper.rb": [
        1,
        null
      ],
      "/home/milkk/RubymineProjects/final2015/app/helpers/requests_helper.rb": [
        1,
        null
      ],
      "/home/milkk/RubymineProjects/final2015/app/controllers/requests_controller.rb": [
        1,
        1,
        1,
        1,
        null,
        null,
        1,
        1,
        null,
        null,
        null,
        null,
        1,
        null,
        null,
        null,
        1,
        1,
        null,
        null,
        null,
        1,
        null,
        null,
        null,
        null,
        1,
        1,
        1,
        null,
        1,
        1,
        2,
        1,
        null,
        0,
        0,
        null,
        null,
        null,
        null,
        null,
        null,
        1,
        0,
        0,
        0,
        0,
        0,
        null,
        0,
        0,
        null,
        null,
        null,
        null,
        null,
        null,
        1,
        0,
        0,
        0,
        0,
        null,
        null,
        null,
        1,
        null,
        1,
        1,
        null,
        null,
        null,
        1,
        2,
        null,
        null
      ],
      "/home/milkk/RubymineProjects/final2015/app/models/ability.rb": [
        1,
        1,
        null,
        1,
        null,
        null,
        null,
        6,
        6,
        0,
        6,
        0,
        null,
        0,
        null,
        null,
        null,
        6,
        6,
        null,
        2,
        null,
        6,
        null,
        0,
        null,
        null,
        null,
        null,
        null,
        null,
        null,
        null,
        null,
        null,
        null,
        null,
        null,
        null,
        null,
        null,
        null,
        null,
        null,
        null,
        null,
        null,
        null,
        null,
        null,
        null,
        null,
        null
      ]
    },
    "timestamp": 1480358310
  }
}
